\BOOKMARK [1][-]{section.1}{Executive\040Summary}{}% 1
\BOOKMARK [1][-]{section.2}{Introduction}{}% 2
\BOOKMARK [1][-]{section.3}{Requirements}{}% 3
\BOOKMARK [2][-]{subsection.3.1}{Input}{section.3}% 4
\BOOKMARK [2][-]{subsection.3.2}{Output}{section.3}% 5
\BOOKMARK [2][-]{subsection.3.3}{Functional}{section.3}% 6
\BOOKMARK [2][-]{subsection.3.4}{Security}{section.3}% 7
\BOOKMARK [1][-]{section.4}{Requirements\040Analysis\040Model}{}% 8
\BOOKMARK [2][-]{subsection.4.1}{UML\040Use\040Cases\040&\040Diagram}{section.4}% 9
\BOOKMARK [2][-]{subsection.4.2}{UML\040Class-Based\040Modeling}{section.4}% 10
\BOOKMARK [2][-]{subsection.4.3}{UML\040CRC\040Model\040Index\040Card}{section.4}% 11
\BOOKMARK [2][-]{subsection.4.4}{UML\040Activity\040Diagram}{section.4}% 12
\BOOKMARK [2][-]{subsection.4.5}{UML\040Sequence\040Diagram}{section.4}% 13
\BOOKMARK [2][-]{subsection.4.6}{UML\040State\040Diagram}{section.4}% 14
\BOOKMARK [1][-]{section.5}{Software\040Architecture}{}% 15
\BOOKMARK [2][-]{subsection.5.1}{Architecture\040Style}{section.5}% 16
\BOOKMARK [2][-]{subsection.5.2}{Components}{section.5}% 17
\BOOKMARK [2][-]{subsection.5.3}{Control\040Management}{section.5}% 18
\BOOKMARK [2][-]{subsection.5.4}{Data\040Architecture}{section.5}% 19
\BOOKMARK [2][-]{subsection.5.5}{Architectural\040Designs}{section.5}% 20
\BOOKMARK [2][-]{subsection.5.6}{Issues}{section.5}% 21
